|SourceProjectName:Robo.hpr
|DestinationProjectName:PolicyStudioUserGuideTOC.htm
whhost.js
whmsg.js
whmozemu.js
whproxy.js
whstub.js
whutils.js
whver.js
whform.js
whphost.js
whstart.js
whtopic.js
whframes.js
whlang.js
XmlReadHelper.js
whskin_info.htm
whskin_blank.htm
whskin_pickup.htm
whskin_homepage.htm
whskin_tw.htm
whnjs.htm
whthost.js
whtdhtml.htm
whihost.js
whibody.htm
whiform.htm
whfhost.js
whfbody.htm
whfform.htm
whghost.js
whgbody.htm
whgdhtml.htm
whgdef.htm
whproj.js
whproj.xml
whproj.htm
whxdata\whtoc.xml
whxdata\whidx.xml
whxdata\whglo.xml
whdata\whtoc.js
whdata\whtoc.htm
whdata\whtdata.js
whdata\whidx.js
whdata\whidx.htm
whdata\whidata.js
whdata\whglo.js
whdata\whglo.htm
whdata\whgdata.js
resource\resource.xml
whbrs.xml
whres.xml
whgdata\whnvp30.htm
whgdata\whnvp31.htm
whgdata\whnvp32.htm
whgdata\whnvp33.htm
whgdata\whnvt30.htm
whgdata\whnvt31.htm
whgdata\whnvt32.htm
whgdata\whnvt33.htm
whgdata\whnvf30.htm
whgdata\whnvf31.htm
whgdata\whnvf32.htm
whgdata\whnvf33.htm
whgdata\whnvl31.htm
whgdata\whnvl32.htm
whgdata\whnvl33.htm
whgdata\whexpbar.gif
cshdat_webhelp.htm
whcsh_home.htm
whcshdata.htm
cshdat_robohelp.htm
wht_tab0.gif
wht_tab1.gif
wht_tab2.gif
wht_tab3.gif
wht_tab4.gif
wht_tab5.gif
wht_tab6.gif
wht_tab7.gif
wht_tab8.gif
wht_glo_h.gif
wht_glo_n.gif
wht_fts_h.gif
wht_fts_n.gif
wht_idx_h.gif
wht_idx_n.gif
wht_toc_h.gif
wht_toc_n.gif
wht_ws.gif
wht_ws_g.gif
wht_logo1.gif
wht_logo2.gif
wht_abgw.jpg
wht_abgi.jpg
wht_abge.jpg
wht_abtw.jpg
wht_abte.jpg
wht_abti.jpg
wht_spac.gif
wht_next.gif
wht_next_g.gif
wht_prev.gif
wht_prev_g.gif
wht_sync.gif
wht_hide.gif
wht_go.gif
whstart.ico
whestart.ico
whrstart.ico
whidhtml.htm
whfdhtml.htm
whskin_banner.htm
whtbar.js
robohelpstrip_cc.gif
Gray_Book_Open.gif
Gray_Book_Closed.gif
i_white_sm.jpg
q_white_sm.jpg
Gray_Nav_Glossary.gif
External_URL.gif
Gray_Page.gif
whskin_pdhtml.htm
whskin_plist.htm
whskin_tbars.htm
whskin_mbars.htm
whskin_frmset010.htm
whst_topics.xml
whskin_frmset01.htm
PolicyStudioUserGuideTOC_hha.hhk
PolicyStudioUserGuideTOC.hhc
PolicyStudioUserGuideTOC.hhk
PolicyStudioUserGuide\Components\Cloning_Components.htm
PolicyStudioUserGuide\Components\Defining_Action_Components.htm
PolicyStudioUserGuide\Components\Defining_Components.htm
PolicyStudioUserGuide\Components\Defining_New_Components.htm
PolicyStudioUserGuide\Components\Defining_Object_Components.htm
PolicyStudioUserGuide\Cover\Cover.htm
PolicyStudioUserGuide\Deploying\Deploying_Objects.htm
PolicyStudioUserGuide\Deploying\Deploying_Policies_and_Components.htm
PolicyStudioUserGuide\Deploying\Management_Tools.htm
PolicyStudioUserGuide\Deploying\Managing_Policies_and_Components.htm
PolicyStudioUserGuide\HowDoI\How_Do_I.htm
PolicyStudioUserGuide\HowDoI\HowDoI.htm
PolicyStudioUserGuide\HowDoI\Working_with_Components.htm
PolicyStudioUserGuide\HowDoI\Working_with_Policies.htm
PolicyStudioUserGuide\IntroPA\About_Components.htm
PolicyStudioUserGuide\IntroPA\About_Policies.htm
PolicyStudioUserGuide\IntroPA\Introducing_Policy_Author.htm
PolicyStudioUserGuide\IntroPA\Overview.htm
PolicyStudioUserGuide\Policies\Cloning_Policies.htm
PolicyStudioUserGuide\Policies\Communication_Policies.htm
PolicyStudioUserGuide\Policies\Constructing_Policies.htm
PolicyStudioUserGuide\Policies\Creating_a_New_Policy.htm
PolicyStudioUserGuide\Policies\Dynamic_Access_Control_Policies.htm
PolicyStudioUserGuide\Policies\Using_Obligations.htm
PolicyStudioUserGuide\Policy_Redesign\Backward_Compatibility.htm
PolicyStudioUserGuide\Policy_Redesign\Changes_in_version_7_0_and_later.htm
PolicyStudioUserGuide\Policy_Redesign\Migrating_6_x_Policies.htm
PolicyStudioUserGuide\Policy_Redesign\Redesigning_6_x_Policies.htm
PolicyStudioUserGuide\PolicyManager\Importing_and_Exporting_Policies.htm
PolicyStudioUserGuide\PolicyManager\Introducing_Policy_Manager.htm
PolicyStudioUserGuide\PolicyManager\Monitoring_Objects.htm
PolicyStudioUserGuide\PolicyManager\Using_Policy_Manager.htm
PolicyStudioUserGuide\StateModel\Object_Life_Cycle.htm
PolicyStudioUserGuide\StateModel\State_Diagram.htm
PolicyStudioUserGuide\StateModel\The_Object_State_Model.htm
PolicyStudioUserGuide\Welcome\Welcome_to_7_7.htm
PolicyStudioUserGuideTOC.glo
PolicyStudioUserGuide\Cover\Cover.css
RHStyleMapping.css
PolicyStudioUserGuide\Welcome\Welcome.css
PolicyStudioUserGuide\IntroPA\IntroPA.css
PolicyStudioUserGuide\Components\Components.css
PolicyStudioUserGuide\Policies\Policies.css
PolicyStudioUserGuide\Deploying\Deploying.css
PolicyStudioUserGuide\PolicyManager\PolicyManager.css
PolicyStudioUserGuide\HowDoI\HowDoI.css
PolicyStudioUserGuide\StateModel\StateModel.css
PolicyStudioUserGuide\Policy_Redesign\Policy_Redesign.css
PolicyStudioUserGuide\StateModel\StateModel00003.jpg
PolicyStudioUserGuide\PolicyManager\PolicyMgrTabs.jpg
PolicyStudioUserGuide\Deploying\PolicyAuditPolicyManager.jpg
PolicyStudioUserGuide\Policies\CAPPolicy.png
PolicyStudioUserGuide\Policies\DACpolicyexample1.png
PolicyStudioUserGuide\Components\ContainsContentProperty.jpg
PolicyStudioUserGuide\IntroPA\EditorDocking.png
PolicyStudioUserGuide\Policies\UserComponent.png
PolicyStudioUserGuide\Policies\WithAttachments.png
PolicyStudioUserGuide\Policies\Subpolicy.jpg
PolicyStudioUserGuide\StateModel\StateModel00006.jpg
PolicyStudioUserGuide\Deploying\Deploying00005.jpg
PolicyStudioUserGuide\Components\DocKeyword.png
PolicyStudioUserGuide\Components\PropertiesComponent.jpg
PolicyStudioUserGuide\IntroPA\pluginsDir.jpg
PolicyStudioUserGuide\PolicyManager\PolMgrWindow.jpg
PolicyStudioUserGuide\Policies\ResourceComponent.png
PolicyStudioUserGuide\Policies\DefineObligations.jpg
PolicyStudioUserGuide\Components\ComponentEd1.jpg
PolicyStudioUserGuide\Deploying\AccessRights.jpg
PolicyStudioUserGuide\Policy_Redesign\DacPolicy.png
PolicyStudioUserGuide\Policies\CARPolicyExample.png
PolicyStudioUserGuide\Policies\CARPolicy.png
PolicyStudioUserGuide\Policies\DacPolicyTree.png
PolicyStudioUserGuide\Policies\TagsSection.jpg
PolicyStudioUserGuide\Policies\Policies00013.jpg
PolicyStudioUserGuide\Policy_Redesign\DacPolicyTree.jpg
PolicyStudioUserGuide\PolicyManager\ImportWindow.png
PolicyStudioUserGuide\Deploying\policy_edit_status.jpg
PolicyStudioUserGuide\Policies\CommPolicy.jpg
PolicyStudioUserGuide\Policies\PolicyTree_Hierarchy.png
PolicyStudioUserGuide\PolicyManager\PM-ObjGrid.jpg
PolicyStudioUserGuide\Deploying\ModifyComponent.jpg
PolicyStudioUserGuide\Deploying\DeploymentHistory.jpg
PolicyStudioUserGuide\Deploying\DACpolicyexample8.jpg
PolicyStudioUserGuide\Components\Components00016.jpg
PolicyStudioUserGuide\Policies\plus.png
PolicyStudioUserGuide\IntroPA\IntroPA00012.jpg
PolicyStudioUserGuide\PolicyManager\PM-Icons.jpg
PolicyStudioUserGuide\Deploying\VersionHistory.png
PolicyStudioUserGuide\PolicyManager\TabsHost.jpg
PolicyStudioUserGuide\Deploying\DeployTimes.jpg
PolicyStudioUserGuide\Policies\LoggingChecked.jpg
PolicyStudioUserGuide\Policies\PolicySubject.jpg
PolicyStudioUserGuide\Components\AutoRunApps.jpg
PolicyStudioUserGuide\Components\Components00007.jpg
PolicyStudioUserGuide\IntroPA\PolicyEditor75.jpg
PolicyStudioUserGuide\PolicyManager\DetailsDefTab.png
PolicyStudioUserGuide\Deploying\PolicyAuditVersionHistory.jpg
PolicyStudioUserGuide\Deploying\DeployWindow.png
PolicyStudioUserGuide\Policies\ConnectionCondition.png
PolicyStudioUserGuide\Policies\PolicyAction.png
PolicyStudioUserGuide\Components\plus.jpg
PolicyStudioUserGuide\IntroPA\StudioLogIn.png
PolicyStudioUserGuide\PolicyManager\Policy_Icon.jpg
PolicyStudioUserGuide\Deploying\FindAccess.png
PolicyStudioUserGuide\Policies\DACbridge.jpg
PolicyStudioUserGuide\Policies\DefineObligations.png
PolicyStudioUserGuide\Policies\TimeCondition.png
PolicyStudioUserGuide\Policies\Policies00007.jpg
PolicyStudioUserGuide\Components\AutoRunApps00017.jpg
PolicyStudioUserGuide\Deploying\DeploymentStatus.png
PolicyStudioUserGuide\Deploying\SetTargets.png
PolicyStudioUserGuide\Deploying\DeployAll.png
PolicyStudioUserGuide\Components\PropertyAND.jpg
PolicyStudioUserGuide\StateModel\StatusDisplay.jpg
PolicyStudioUserGuide\Policies\PortalComponent.png
PolicyStudioUserGuide\Policies\HeartbeatCondition.png
PolicyStudioUserGuide\Components\BostonStaff.jpg
PolicyStudioUserGuide\IntroPA\IntroPA00007.jpg
PolicyStudioUserGuide\PolicyManager\ExportWindow.png
PolicyStudioUserGuide\PolicyManager\PM-ObjTree.png
PolicyStudioUserGuide\Policies\CustObligField.jpg
PolicyStudioUserGuide\IntroPA\WildcardPreview.jpg
PolicyStudioUserGuide\Policies\plus00008.png
PolicyStudioUserGuide\Deploying\SearchPA.jpg
PolicyStudioUserGuide\Deploying\DeploymentHistory.png
PolicyStudioUserGuide\Policies\DACpolicyexample8.jpg
PolicyStudioUserGuide\Policies\OnResources.png
PolicyStudioUserGuide\IntroPA\PreviewPane.png
ehlpdhtm.js
SearchOptions.xml
PolicyStudioUserGuideTOC.ppf
RoboHHRE.lng
whxdata\package_0.xml
whxdata\package_1.xml
whxdata\package_2.xml
whxdata\package_3.xml
whxdata\package_4.xml
whxdata\package_5.xml
whxdata\package_6.xml
whxdata\package_7.xml
whxdata\package_8.xml
whxdata\package_9.xml
whxdata\package_10.xml
whxdata\package_11.xml
whxdata\package_12.xml
whxdata\package_13.xml
whxdata\package_14.xml
whxdata\package_15.xml
whxdata\package_16.xml
whxdata\package_17.xml
whxdata\package_18.xml
whxdata\package_19.xml
whxdata\package_20.xml
whxdata\package_21.xml
whxdata\package_22.xml
whxdata\package_23.xml
whxdata\package_24.xml
whxdata\package_25.xml
whxdata\package_26.xml
whxdata\package_27.xml
whxdata\package_28.xml
whxdata\package_29.xml
whxdata\packageindex.xml
whxdata\synonym.xml
whxdata\topictable_0.xml
whxdata\topictableindex.xml
whxdata\whfts.xml
whxdata\whtdata0.xml
whdata\whtdata0.htm
whgdata\whlstt0.htm
whgdata\whlstt1.htm
whgdata\whlstt2.htm
whgdata\whlstt3.htm
whgdata\whlstt4.htm
whgdata\whlstt5.htm
whgdata\whlstt6.htm
whgdata\whlstt7.htm
whgdata\whlstt8.htm
whgdata\whlsti0.htm
whgdata\whlstfl0.htm
whgdata\whlstfl1.htm
whgdata\whlstfl2.htm
whgdata\whlstfl3.htm
whgdata\whlstfl4.htm
whgdata\whlstfl5.htm
whgdata\whlstfl6.htm
whgdata\whlstfl7.htm
whgdata\whlstfl8.htm
whgdata\whlstfl9.htm
whgdata\whlstfl10.htm
whgdata\whlstfl11.htm
whgdata\whlstfl12.htm
whgdata\whlstfl13.htm
whgdata\whlstfl14.htm
whgdata\whlstfl15.htm
whgdata\whlstfl16.htm
whgdata\whlstfl17.htm
whgdata\whlstfl18.htm
whgdata\whlstfl19.htm
whgdata\whlstfl20.htm
whgdata\whlstfl21.htm
whgdata\whlstfl22.htm
whgdata\whlstfl23.htm
whgdata\whlstfl24.htm
whgdata\whlstfl25.htm
whgdata\whlstf0.htm
whgdata\whlstf1.htm
whgdata\whlstf2.htm
whgdata\whlstf3.htm
whgdata\whlstf4.htm
whgdata\whlstf5.htm
whgdata\whlstf6.htm
whgdata\whlstf7.htm
whgdata\whlstf8.htm
whgdata\whlstf9.htm
whgdata\whlstf10.htm
whgdata\whlstf11.htm
whgdata\whlstf12.htm
whgdata\whlstf13.htm
whgdata\whlstf14.htm
whgdata\whlstf15.htm
whgdata\whlstf16.htm
whgdata\whlstf17.htm
whgdata\whlstf18.htm
whgdata\whlstf19.htm
whgdata\whlstf20.htm
whgdata\whlstf21.htm
whgdata\whlstg0.htm
PolicyStudioUserGuideTOC.htm
PolicyStudioUserGuideTOC_csh.htm
PolicyStudioUserGuideTOC_rhc.htm
